<?xml version="1.0" encoding="UTF-8"?>
<!-- Generated by org.testng.reporters.JUnitXMLReporter -->
<testsuite hostname="DESKTOP-CILVA06" ignored="0" name="Application Test" tests="3" failures="0" timestamp="2020-09-01T15:16:17 EDT" time="0.059" errors="0">
  <testcase name="dologin" time="0.006" classname="testcases.ApplicationTest">
    <skipped/>
  </testcase> <!-- dologin -->
  <testcase name="doPasswordChange" time="0.0" classname="testcases.ApplicationTest">
    <skipped/>
  </testcase> <!-- doPasswordChange -->
  <testcase name="doLogout" time="0.002" classname="testcases.ApplicationTest"/>
</testsuite> <!-- Application Test -->
