<?xml version="1.0" encoding="UTF-8"?>
<!-- Generated by org.testng.reporters.JUnitXMLReporter -->
<testsuite hostname="DESKTOP-CILVA06" ignored="0" name="Login Test" tests="1" failures="1" timestamp="2020-09-01T15:16:17 EDT" time="0.011" errors="0">
  <testcase name="doLoginTest" time="0.004" classname="testcases.LoginTest">
    <failure type="org.testng.internal.reflect.MethodMatcherException" message="
[public void testcases.LoginTest.doLoginTest(java.lang.String,java.lang.String,java.lang.String,int)] has no parameters defined but was found to be using a data provider (either explicitly specified or inherited from class level annotation).
Data provider mismatch
Method: doLoginTest([Parameter{index=0, type=java.lang.String, declaredAnnotations=[]}, Parameter{index=1, type=java.lang.String, declaredAnnotations=[]}, Parameter{index=2, type=java.lang.String, declaredAnnotations=[]}, Parameter{index=3, type=int, declaredAnnotations=[]}])
Arguments: [(java.lang.String) U1,(java.lang.String) P1,(java.lang.String) Pass,(java.lang.String) Mozilla,(java.lang.Integer) 1234]">
      <![CDATA[org.testng.internal.reflect.MethodMatcherException: 
[public void testcases.LoginTest.doLoginTest(java.lang.String,java.lang.String,java.lang.String,int)] has no parameters defined but was found to be using a data provider (either explicitly specified or inherited from class level annotation).
Data provider mismatch
Method: doLoginTest([Parameter{index=0, type=java.lang.String, declaredAnnotations=[]}, Parameter{index=1, type=java.lang.String, declaredAnnotations=[]}, Parameter{index=2, type=java.lang.String, declaredAnnotations=[]}, Parameter{index=3, type=int, declaredAnnotations=[]}])
Arguments: [(java.lang.String) U1,(java.lang.String) P1,(java.lang.String) Pass,(java.lang.String) Mozilla,(java.lang.Integer) 1234]
at java.util.ArrayList.forEach(Unknown Source)
... Removed 22 stack frames]]>
    </failure>
  </testcase> <!-- doLoginTest -->
</testsuite> <!-- Login Test -->
