<?xml version="1.0" encoding="UTF-8"?>
<!-- Generated by org.testng.reporters.JUnitXMLReporter -->
<testsuite hostname="DESKTOP-CILVA06" ignored="0" name="Registration Test" tests="1" failures="1" timestamp="2020-09-01T15:16:17 EDT" time="0.007" errors="0">
  <testcase name="doRegisterTest" time="0.004" classname="testcases.RegTest">
    <failure type="java.lang.AssertionError" message="null">
      <![CDATA[java.lang.AssertionError: null
at testcases.RegTest.doRegisterTest(RegTest.java:15)
at java.util.ArrayList.forEach(Unknown Source)
... Removed 29 stack frames]]>
    </failure>
  </testcase> <!-- doRegisterTest -->
</testsuite> <!-- Registration Test -->
