<?xml version="1.0" encoding="UTF-8"?>
<!-- Generated by org.testng.reporters.JUnitXMLReporter -->
<testsuite hostname="DESKTOP-CILVA06" ignored="0" name="Default test" tests="3" failures="0" timestamp="2021-02-10T11:12:34 EST" time="0.12" errors="0">
  <testcase name="dologin" time="0.02" classname="testcases.ApplicationTest">
    <skipped/>
  </testcase> <!-- dologin -->
  <testcase name="doPasswordChange" time="0.0" classname="testcases.ApplicationTest">
    <skipped/>
  </testcase> <!-- doPasswordChange -->
  <testcase name="doLogout" time="0.001" classname="testcases.ApplicationTest"/>
</testsuite> <!-- Default test -->
