<?xml version="1.0" encoding="UTF-8"?>
<testng-results skipped="2" failed="0" ignored="0" total="3" passed="1">
  <reporter-output>
  </reporter-output>
  <suite name="Default suite" duration-ms="120" started-at="2021-02-10T11:12:34 EST" finished-at="2021-02-10T11:12:34 EST">
    <groups>
    </groups>
    <test name="Default test" duration-ms="120" started-at="2021-02-10T11:12:34 EST" finished-at="2021-02-10T11:12:34 EST">
      <class name="testcases.ApplicationTest">
        <test-method status="PASS" signature="beforeSuit()[pri:0, instance:testcases.ApplicationTest@1f28c152]" name="beforeSuit" is-config="true" duration-ms="31" started-at="2021-02-10T11:12:34 EST" finished-at="2021-02-10T11:12:34 EST">
          <reporter-output>
          </reporter-output>
        </test-method> <!-- beforeSuit -->
        <test-method status="PASS" signature="beforetest()[pri:0, instance:testcases.ApplicationTest@1f28c152]" name="beforetest" is-config="true" duration-ms="1" started-at="2021-02-10T11:12:34 EST" finished-at="2021-02-10T11:12:34 EST">
          <reporter-output>
          </reporter-output>
        </test-method> <!-- beforetest -->
        <test-method status="PASS" signature="beforeMethod()[pri:0, instance:testcases.ApplicationTest@1f28c152]" name="beforeMethod" is-config="true" duration-ms="0" started-at="2021-02-10T11:12:34 EST" finished-at="2021-02-10T11:12:34 EST">
          <reporter-output>
          </reporter-output>
        </test-method> <!-- beforeMethod -->
        <test-method status="SKIP" signature="dologin()[pri:1, instance:testcases.ApplicationTest@1f28c152]" name="dologin" duration-ms="20" started-at="2021-02-10T11:12:34 EST" finished-at="2021-02-10T11:12:34 EST">
          <exception class="org.testng.SkipException">
            <message>
              <![CDATA[Testing Skip test]]>
            </message>
            <full-stacktrace>
              <![CDATA[org.testng.SkipException: Testing Skip test
at testcases.ApplicationTest.dologin(ApplicationTest.java:15)
at sun.reflect.NativeMethodAccessorImpl.invoke0(Native Method)
at sun.reflect.NativeMethodAccessorImpl.invoke(Unknown Source)
at sun.reflect.DelegatingMethodAccessorImpl.invoke(Unknown Source)
at java.lang.reflect.Method.invoke(Unknown Source)
at org.testng.internal.MethodInvocationHelper.invokeMethod(MethodInvocationHelper.java:135)
at org.testng.internal.TestInvoker.invokeMethod(TestInvoker.java:598)
at org.testng.internal.TestInvoker.invokeTestMethod(TestInvoker.java:174)
at org.testng.internal.MethodRunner.runInSequence(MethodRunner.java:46)
at org.testng.internal.TestInvoker$MethodInvocationAgent.invoke(TestInvoker.java:821)
at org.testng.internal.TestInvoker.invokeTestMethods(TestInvoker.java:147)
at org.testng.internal.TestMethodWorker.invokeTestMethods(TestMethodWorker.java:146)
at org.testng.internal.TestMethodWorker.run(TestMethodWorker.java:128)
at java.util.ArrayList.forEach(Unknown Source)
at org.testng.TestRunner.privateRun(TestRunner.java:767)
at org.testng.TestRunner.run(TestRunner.java:588)
at org.testng.SuiteRunner.runTest(SuiteRunner.java:384)
at org.testng.SuiteRunner.runSequentially(SuiteRunner.java:378)
at org.testng.SuiteRunner.privateRun(SuiteRunner.java:337)
at org.testng.SuiteRunner.run(SuiteRunner.java:286)
at org.testng.SuiteRunnerWorker.runSuite(SuiteRunnerWorker.java:53)
at org.testng.SuiteRunnerWorker.run(SuiteRunnerWorker.java:96)
at org.testng.TestNG.runSuitesSequentially(TestNG.java:1214)
at org.testng.TestNG.runSuitesLocally(TestNG.java:1136)
at org.testng.TestNG.runSuites(TestNG.java:1066)
at org.testng.TestNG.run(TestNG.java:1034)
at org.testng.remote.AbstractRemoteTestNG.run(AbstractRemoteTestNG.java:115)
at org.testng.remote.RemoteTestNG.initAndRun(RemoteTestNG.java:251)
at org.testng.remote.RemoteTestNG.main(RemoteTestNG.java:77)
]]>
            </full-stacktrace>
          </exception> <!-- org.testng.SkipException -->
          <reporter-output>
          </reporter-output>
        </test-method> <!-- dologin -->
        <test-method status="PASS" signature="afterMethod()[pri:0, instance:testcases.ApplicationTest@1f28c152]" name="afterMethod" is-config="true" duration-ms="0" started-at="2021-02-10T11:12:34 EST" finished-at="2021-02-10T11:12:34 EST">
          <reporter-output>
          </reporter-output>
        </test-method> <!-- afterMethod -->
        <test-method status="SKIP" signature="doPasswordChange()[pri:2, instance:testcases.ApplicationTest@1f28c152]" name="doPasswordChange" duration-ms="0" started-at="2021-02-10T11:12:34 EST" depends-on-methods="testcases.ApplicationTest.dologin" finished-at="2021-02-10T11:12:34 EST">
          <exception class="java.lang.Throwable">
            <message>
              <![CDATA[Method ApplicationTest.doPasswordChange()[pri:2, instance:testcases.ApplicationTest@1f28c152] depends on not successfully finished methods]]>
            </message>
            <full-stacktrace>
              <![CDATA[java.lang.Throwable: Method ApplicationTest.doPasswordChange()[pri:2, instance:testcases.ApplicationTest@1f28c152] depends on not successfully finished methods
at org.testng.internal.TestInvoker.invokeTestMethods(TestInvoker.java:102)
at org.testng.internal.TestMethodWorker.invokeTestMethods(TestMethodWorker.java:146)
at org.testng.internal.TestMethodWorker.run(TestMethodWorker.java:128)
at java.util.ArrayList.forEach(Unknown Source)
at org.testng.TestRunner.privateRun(TestRunner.java:767)
at org.testng.TestRunner.run(TestRunner.java:588)
at org.testng.SuiteRunner.runTest(SuiteRunner.java:384)
at org.testng.SuiteRunner.runSequentially(SuiteRunner.java:378)
at org.testng.SuiteRunner.privateRun(SuiteRunner.java:337)
at org.testng.SuiteRunner.run(SuiteRunner.java:286)
at org.testng.SuiteRunnerWorker.runSuite(SuiteRunnerWorker.java:53)
at org.testng.SuiteRunnerWorker.run(SuiteRunnerWorker.java:96)
at org.testng.TestNG.runSuitesSequentially(TestNG.java:1214)
at org.testng.TestNG.runSuitesLocally(TestNG.java:1136)
at org.testng.TestNG.runSuites(TestNG.java:1066)
at org.testng.TestNG.run(TestNG.java:1034)
at org.testng.remote.AbstractRemoteTestNG.run(AbstractRemoteTestNG.java:115)
at org.testng.remote.RemoteTestNG.initAndRun(RemoteTestNG.java:251)
at org.testng.remote.RemoteTestNG.main(RemoteTestNG.java:77)
]]>
            </full-stacktrace>
          </exception> <!-- java.lang.Throwable -->
          <reporter-output>
          </reporter-output>
        </test-method> <!-- doPasswordChange -->
        <test-method status="PASS" signature="doLogout()[pri:3, instance:testcases.ApplicationTest@1f28c152]" name="doLogout" duration-ms="1" started-at="2021-02-10T11:12:34 EST" finished-at="2021-02-10T11:12:34 EST">
          <reporter-output>
          </reporter-output>
        </test-method> <!-- doLogout -->
        <test-method status="PASS" signature="beforeMethod()[pri:0, instance:testcases.ApplicationTest@1f28c152]" name="beforeMethod" is-config="true" duration-ms="0" started-at="2021-02-10T11:12:34 EST" finished-at="2021-02-10T11:12:34 EST">
          <reporter-output>
          </reporter-output>
        </test-method> <!-- beforeMethod -->
        <test-method status="PASS" signature="afterMethod()[pri:0, instance:testcases.ApplicationTest@1f28c152]" name="afterMethod" is-config="true" duration-ms="1" started-at="2021-02-10T11:12:34 EST" finished-at="2021-02-10T11:12:34 EST">
          <reporter-output>
          </reporter-output>
        </test-method> <!-- afterMethod -->
        <test-method status="PASS" signature="aftertest()[pri:0, instance:testcases.ApplicationTest@1f28c152]" name="aftertest" is-config="true" duration-ms="1" started-at="2021-02-10T11:12:34 EST" finished-at="2021-02-10T11:12:34 EST">
          <reporter-output>
          </reporter-output>
        </test-method> <!-- aftertest -->
        <test-method status="PASS" signature="afterSuit()[pri:0, instance:testcases.ApplicationTest@1f28c152]" name="afterSuit" is-config="true" duration-ms="0" started-at="2021-02-10T11:12:34 EST" finished-at="2021-02-10T11:12:34 EST">
          <reporter-output>
          </reporter-output>
        </test-method> <!-- afterSuit -->
      </class> <!-- testcases.ApplicationTest -->
    </test> <!-- Default test -->
  </suite> <!-- Default suite -->
</testng-results>
